Build started 6/17/2014 4:18:04 PM.
     1>Project "C:\Users\Kamal_UltraBuk\Documents\CL-Eye Platform SDK\Samples\CLEyeMulticam\C++\CLEyeFaceTracker\CLEyeFaceTracker.vcxproj" on node 2 (Build target(s)).
     1>ClCompile:
         C:\Program Files (x86)\Microsoft Visual Studio 11.0\VC\bin\x86_amd64\CL.exe /c /IE:\openCV\opencv\build\include /IE:\openCV\opencv\build\include\opencv /I"C:\Users\Kamal_UltraBuk\Documents\CL-Eye Platform SDK\Include" /Zi /nologo /W1 /WX- /O2 /Gm- /EHsc /MD /GS /fp:precise /Zc:wchar_t /Zc:forScope /Fo"x64\Debug\\" /Fd"x64\Debug\vc110.pdb" /Gd /TP /errorReport:prompt CLEyeFaceTracker.cpp stdafx.cpp
         CLEyeFaceTracker.cpp
         stdafx.cpp
         Generating Code...
       Link:
         C:\Program Files (x86)\Microsoft Visual Studio 11.0\VC\bin\x86_amd64\link.exe /ERRORREPORT:PROMPT /OUT:"C:\Users\Kamal_UltraBuk\Documents\CL-Eye Platform SDK\Samples\CLEyeMulticam\C++\x64\Debug\CLEyeFaceTracker.exe" /INCREMENTAL /NOLOGO /LIBPATH:E:\openCV\opencv\build\x64\vc11\lib /LIBPATH:"C:\Users\Kamal_UltraBuk\Documents\CL-Eye Platform SDK\Lib" CLEyeMulticam.lib opencv_core249.lib opencv_highgui249.lib kernel32.lib user32.lib gdi32.lib winspool.lib comdlg32.lib advapi32.lib shell32.lib ole32.lib oleaut32.lib uuid.lib odbc32.lib odbccp32.lib /MANIFEST /MANIFESTUAC:"level='asInvoker' uiAccess='false'" /manifest:embed /PDB:"C:\Users\Kamal_UltraBuk\Documents\CL-Eye Platform SDK\Samples\CLEyeMulticam\C++\x64\Debug\CLEyeFaceTracker.pdb" /SUBSYSTEM:CONSOLE /TLBID:1 /DYNAMICBASE /NXCOMPAT /IMPLIB:"C:\Users\Kamal_UltraBuk\Documents\CL-Eye Platform SDK\Samples\CLEyeMulticam\C++\x64\Debug\CLEyeFaceTracker.lib" /MACHINE:X64 x64\Debug\CLEyeFaceTracker.obj
         x64\Debug\stdafx.obj
     1>CLEyeFaceTracker.obj : error LNK2019: unresolved external symbol __imp_CLEyeGetCameraCount referenced in function main
     1>CLEyeFaceTracker.obj : error LNK2019: unresolved external symbol __imp_CLEyeGetCameraUUID referenced in function main
     1>CLEyeFaceTracker.obj : error LNK2019: unresolved external symbol __imp_CLEyeCreateCamera referenced in function "public: void __cdecl CLEyeCameraCapture::Run(void)" (?Run@CLEyeCameraCapture@@QEAAXXZ)
     1>CLEyeFaceTracker.obj : error LNK2019: unresolved external symbol __imp_CLEyeDestroyCamera referenced in function "public: void __cdecl CLEyeCameraCapture::Run(void)" (?Run@CLEyeCameraCapture@@QEAAXXZ)
     1>CLEyeFaceTracker.obj : error LNK2019: unresolved external symbol __imp_CLEyeCameraStart referenced in function "public: void __cdecl CLEyeCameraCapture::Run(void)" (?Run@CLEyeCameraCapture@@QEAAXXZ)
     1>CLEyeFaceTracker.obj : error LNK2019: unresolved external symbol __imp_CLEyeCameraStop referenced in function "public: void __cdecl CLEyeCameraCapture::Run(void)" (?Run@CLEyeCameraCapture@@QEAAXXZ)
     1>CLEyeFaceTracker.obj : error LNK2019: unresolved external symbol __imp_CLEyeSetCameraParameter referenced in function "public: void __cdecl CLEyeCameraCapture::Run(void)" (?Run@CLEyeCameraCapture@@QEAAXXZ)
     1>CLEyeFaceTracker.obj : error LNK2019: unresolved external symbol __imp_CLEyeCameraGetFrameDimensions referenced in function "public: void __cdecl CLEyeCameraCapture::Run(void)" (?Run@CLEyeCameraCapture@@QEAAXXZ)
     1>CLEyeFaceTracker.obj : error LNK2019: unresolved external symbol __imp_CLEyeCameraGetFrame referenced in function "public: void __cdecl CLEyeCameraCapture::Run(void)" (?Run@CLEyeCameraCapture@@QEAAXXZ)
     1>CLEyeFaceTracker.obj : error LNK2019: unresolved external symbol cvPyrDown referenced in function "public: void __cdecl CLEyeCameraCapture::Run(void)" (?Run@CLEyeCameraCapture@@QEAAXXZ)
     1>CLEyeFaceTracker.obj : error LNK2019: unresolved external symbol cvLoadHaarClassifierCascade referenced in function "public: void __cdecl CLEyeCameraCapture::Run(void)" (?Run@CLEyeCameraCapture@@QEAAXXZ)
     1>CLEyeFaceTracker.obj : error LNK2019: unresolved external symbol cvHaarDetectObjects referenced in function "public: void __cdecl CLEyeCameraCapture::Run(void)" (?Run@CLEyeCameraCapture@@QEAAXXZ)
     1>C:\Users\Kamal_UltraBuk\Documents\CL-Eye Platform SDK\Samples\CLEyeMulticam\C++\x64\Debug\CLEyeFaceTracker.exe : fatal error LNK1120: 12 unresolved externals
     1>Done Building Project "C:\Users\Kamal_UltraBuk\Documents\CL-Eye Platform SDK\Samples\CLEyeMulticam\C++\CLEyeFaceTracker\CLEyeFaceTracker.vcxproj" (Build target(s)) -- FAILED.

Build FAILED.

Time Elapsed 00:00:03.94
